0 info it worked if it ends with ok
1 verbose cli [ '/home/paul/.nvm/versions/node/v5.10.0/bin/node',
1 verbose cli   '/home/paul/.nvm/versions/node/v5.10.0/bin/npm',
1 verbose cli   'run',
1 verbose cli   'build' ]
2 info using npm@3.8.3
3 info using node@v5.10.0
4 verbose run-script [ 'prebuild', 'build', 'postbuild' ]
5 info lifecycle isomorphnew@1.0.0~prebuild: isomorphnew@1.0.0
6 silly lifecycle isomorphnew@1.0.0~prebuild: no script for prebuild, continuing
7 info lifecycle isomorphnew@1.0.0~build: isomorphnew@1.0.0
8 verbose lifecycle isomorphnew@1.0.0~build: unsafe-perm in lifecycle true
9 verbose lifecycle isomorphnew@1.0.0~build: PATH: /home/paul/.nvm/versions/node/v5.10.0/lib/node_modules/npm/bin/node-gyp-bin:/home/paul/projects/localbox/new/data/isomorphNEW/node_modules/.bin:/home/paul/.nvm/versions/node/v5.10.0/bin:/home/paul/.nvm/versions/node/v5.10.0/bin:/home/paul/.rbenv/shims:/home/paul/.rbenv/bin:/home/paul/projects/IoT/pebble-dev/PebbleSDK-3.2.1/bin:/home/paul/.composer/vendor/bin:/home/paul/bin:/usr/local/sbin:/usr/local/bin:/usr/sbin:/usr/bin:/sbin:/bin:/usr/games:/usr/local/games:/opt/vagrant/bin
10 verbose lifecycle isomorphnew@1.0.0~build: CWD: /home/paul/projects/localbox/new/data/isomorphNEW
11 silly lifecycle isomorphnew@1.0.0~build: Args: [ '-c', 'npm run browserify ' ]
12 silly lifecycle isomorphnew@1.0.0~build: Returned: code: 1  signal: null
13 info lifecycle isomorphnew@1.0.0~build: Failed to exec build script
14 verbose stack Error: isomorphnew@1.0.0 build: `npm run browserify `
14 verbose stack Exit status 1
14 verbose stack     at EventEmitter.<anonymous> (/home/paul/.nvm/versions/node/v5.10.0/lib/node_modules/npm/lib/utils/lifecycle.js:239:16)
14 verbose stack     at emitTwo (events.js:100:13)
14 verbose stack     at EventEmitter.emit (events.js:185:7)
14 verbose stack     at ChildProcess.<anonymous> (/home/paul/.nvm/versions/node/v5.10.0/lib/node_modules/npm/lib/utils/spawn.js:24:14)
14 verbose stack     at emitTwo (events.js:100:13)
14 verbose stack     at ChildProcess.emit (events.js:185:7)
14 verbose stack     at maybeClose (internal/child_process.js:850:16)
14 verbose stack     at Process.ChildProcess._handle.onexit (internal/child_process.js:215:5)
15 verbose pkgid isomorphnew@1.0.0
16 verbose cwd /home/paul/projects/localbox/new/data/isomorphNEW
17 error Linux 3.13.0-93-generic
18 error argv "/home/paul/.nvm/versions/node/v5.10.0/bin/node" "/home/paul/.nvm/versions/node/v5.10.0/bin/npm" "run" "build"
19 error node v5.10.0
20 error npm  v3.8.3
21 error code ELIFECYCLE
22 error isomorphnew@1.0.0 build: `npm run browserify `
22 error Exit status 1
23 error Failed at the isomorphnew@1.0.0 build script 'npm run browserify '.
23 error Make sure you have the latest version of node.js and npm installed.
23 error If you do, this is most likely a problem with the isomorphnew package,
23 error not with npm itself.
23 error Tell the author that this fails on your system:
23 error     npm run browserify
23 error You can get information on how to open an issue for this project with:
23 error     npm bugs isomorphnew
23 error Or if that isn't available, you can get their info via:
23 error     npm owner ls isomorphnew
23 error There is likely additional logging output above.
24 verbose exit [ 1, true ]
